\BOOKMARK [1][-]{section.1}{\376\377\000P\000y\000t\000h\000o\000n}{}% 1
\BOOKMARK [2][-]{subsection.1.1}{\376\377\000C\000o\000n\000t\000e\000x\000t\000e}{section.1}% 2
\BOOKMARK [2][-]{subsection.1.2}{\376\377\000S\000y\000n\000t\000a\000x\000e}{section.1}% 3
\BOOKMARK [2][-]{subsection.1.3}{\376\377\000U\000s\000a\000g\000e\000s}{section.1}% 4
\BOOKMARK [1][-]{section.2}{\376\377\000C\000o\000n\000s\000t\000r\000u\000c\000t\000i\000o\000n\000s\000\040\000\351\000l\000\351\000m\000e\000n\000t\000a\000i\000r\000e\000s}{}% 5
\BOOKMARK [2][-]{subsection.2.1}{\376\377\000V\000a\000r\000i\000a\000b\000l\000e}{section.2}% 6
\BOOKMARK [2][-]{subsection.2.2}{\376\377\000T\000y\000p\000e\000s\000\040\000d\000e\000\040\000d\000o\000n\000n\000\351\000e\000s}{section.2}% 7
\BOOKMARK [3][-]{subsubsection.2.2.1}{\376\377\000T\000y\000p\000a\000g\000e}{subsection.2.2}% 8
\BOOKMARK [3][-]{subsubsection.2.2.2}{\376\377\000T\000y\000p\000a\000g\000e\000\040\000d\000y\000n\000a\000m\000i\000q\000u\000e}{subsection.2.2}% 9
\BOOKMARK [3][-]{subsubsection.2.2.3}{\376\377\000L\000e\000s\000\040\000t\000y\000p\000e\000s\000\040\000d\000e\000\040\000b\000a\000s\000e}{subsection.2.2}% 10
\BOOKMARK [2][-]{subsection.2.3}{\376\377\000I\000n\000p\000u\000t\000/\000O\000u\000t\000p\000u\000t}{section.2}% 11
\BOOKMARK [3][-]{subsubsection.2.3.1}{\376\377\000E\000n\000t\000r\000\351\000e}{subsection.2.3}% 12
\BOOKMARK [3][-]{subsubsection.2.3.2}{\376\377\000S\000o\000r\000t\000i\000e}{subsection.2.3}% 13
\BOOKMARK [2][-]{subsection.2.4}{\376\377\000U\000t\000i\000l\000i\000s\000a\000t\000i\000o\000n\000\040\000d\000'\000u\000n\000\040\000E\000D\000I}{section.2}% 14
\BOOKMARK [2][-]{subsection.2.5}{\376\377\000S\000t\000r\000u\000c\000t\000u\000r\000e\000\040\000c\000o\000n\000d\000i\000t\000i\000o\000n\000n\000e\000l\000l\000e}{section.2}% 15
\BOOKMARK [2][-]{subsection.2.6}{\376\377\000R\000\351\000p\000\351\000t\000e\000r\000\040\000u\000n\000e\000\040\000i\000n\000s\000t\000r\000u\000c\000t\000i\000o\000n}{section.2}% 16
\BOOKMARK [3][-]{subsubsection.2.6.1}{\376\377\000B\000o\000u\000c\000l\000e\000\040\000n\000o\000n\000\040\000b\000o\000r\000n\000\351\000e}{subsection.2.6}% 17
\BOOKMARK [3][-]{subsubsection.2.6.2}{\376\377\000B\000o\000u\000c\000l\000e\000\040\000b\000o\000r\000n\000\351\000e}{subsection.2.6}% 18
\BOOKMARK [2][-]{subsection.2.7}{\376\377\000T\000y\000p\000e\000s\000\040\000c\000o\000n\000s\000t\000r\000u\000i\000t\000s\000\040\000d\000e\000\040\000d\000o\000n\000n\000\351\000e\000s}{section.2}% 19
\BOOKMARK [3][-]{subsubsection.2.7.1}{\376\377\000T\000u\000p\000l\000e}{subsection.2.7}% 20
\BOOKMARK [3][-]{subsubsection.2.7.2}{\376\377\000T\000a\000b\000l\000e\000a\000u\000x}{subsection.2.7}% 21
\BOOKMARK [3][-]{subsubsection.2.7.3}{\376\377\000D\000i\000c\000t\000i\000o\000n\000n\000a\000i\000r\000e\000s}{subsection.2.7}% 22
\BOOKMARK [3][-]{subsubsection.2.7.4}{\376\377\000P\000a\000r\000c\000o\000u\000r\000i\000r\000\040\000u\000n\000\040\000t\000y\000p\000e\000\040\000c\000o\000n\000s\000t\000r\000u\000i\000t\000\040\000d\000e\000\040\000d\000o\000n\000n\000\351\000e\000s}{subsection.2.7}% 23
\BOOKMARK [2][-]{subsection.2.8}{\376\377\000F\000o\000n\000c\000t\000i\000o\000n}{section.2}% 24
\BOOKMARK [3][-]{subsubsection.2.8.1}{\376\377\000D\000\351\000f\000i\000n\000i\000t\000i\000o\000n}{subsection.2.8}% 25
\BOOKMARK [3][-]{subsubsection.2.8.2}{\376\377\000P\000o\000r\000t\000\351\000e\000\040\000d\000'\000u\000n\000e\000\040\000v\000a\000r\000i\000a\000b\000l\000e}{subsection.2.8}% 26
\BOOKMARK [1][-]{section.3}{\376\377\000B\000i\000b\000l\000i\000o\000t\000h\000\350\000q\000u\000e}{}% 27
\BOOKMARK [2][-]{subsection.3.1}{\376\377\000I\000m\000p\000o\000r\000t}{section.3}% 28
\BOOKMARK [2][-]{subsection.3.2}{\376\377\000B\000i\000b\000l\000i\000o\000t\000h\000\350\000q\000u\000e\000\040\000p\000e\000r\000s\000o\000n\000n\000e\000l\000l\000e}{section.3}% 29
\BOOKMARK [1][-]{section.4}{\376\377\000M\000a\000n\000i\000p\000u\000l\000a\000t\000i\000o\000n\000\040\000d\000e\000\040\000d\000o\000n\000n\000\351\000e\000s}{}% 30
\BOOKMARK [1][-]{section.5}{\376\377\000R\000e\000p\000r\000\351\000s\000e\000n\000t\000a\000t\000i\000o\000n\000\040\000g\000r\000a\000p\000h\000i\000q\000u\000e}{}% 31
\BOOKMARK [1][-]{section.6}{\376\377\000J\000u\000p\000y\000t\000e\000r}{}% 32
